{"/home/phyxashun/Projects/color/src/Print.ts": {"path":"/home/phyxashun/Projects/color/src/Print.ts","statementMap":{"0":{"start":{"line":100,"column":28},"end":{"line":199,"column":null}},"1":{"start":{"line":105,"column":30},"end":{"line":105,"column":null}},"2":{"start":{"line":115,"column":29},"end":{"line":157,"column":null}},"3":{"start":{"line":117,"column":8},"end":{"line":156,"column":null}},"4":{"start":{"line":118,"column":12},"end":{"line":120,"column":null}},"5":{"start":{"line":121,"column":8},"end":{"line":156,"column":null}},"6":{"start":{"line":124,"column":12},"end":{"line":127,"column":null}},"7":{"start":{"line":128,"column":8},"end":{"line":156,"column":null}},"8":{"start":{"line":136,"column":12},"end":{"line":140,"column":null}},"9":{"start":{"line":141,"column":8},"end":{"line":156,"column":null}},"10":{"start":{"line":144,"column":12},"end":{"line":147,"column":null}},"11":{"start":{"line":151,"column":12},"end":{"line":155,"column":null}},"12":{"start":{"line":163,"column":4},"end":{"line":179,"column":null}},"13":{"start":{"line":168,"column":12},"end":{"line":168,"column":null}},"14":{"start":{"line":175,"column":12},"end":{"line":175,"column":null}},"15":{"start":{"line":185,"column":4},"end":{"line":195,"column":null}},"16":{"start":{"line":186,"column":8},"end":{"line":194,"column":null}},"17":{"start":{"line":188,"column":12},"end":{"line":188,"column":null}},"18":{"start":{"line":190,"column":12},"end":{"line":190,"column":null}},"19":{"start":{"line":193,"column":12},"end":{"line":193,"column":null}},"20":{"start":{"line":198,"column":4},"end":{"line":198,"column":null}},"21":{"start":{"line":215,"column":14},"end":{"line":215,"column":null}}},"fnMap":{"0":{"name":"(anonymous_0)","decl":{"start":{"line":100,"column":28},"end":{"line":100,"column":49}},"loc":{"start":{"line":100,"column":49},"end":{"line":199,"column":null}},"line":100},"1":{"name":"(anonymous_1)","decl":{"start":{"line":115,"column":29},"end":{"line":115,"column":30}},"loc":{"start":{"line":115,"column":85},"end":{"line":157,"column":null}},"line":115},"2":{"name":"(anonymous_2)","decl":{"start":{"line":167,"column":8},"end":{"line":167,"column":14}},"loc":{"start":{"line":167,"column":14},"end":{"line":169,"column":null}},"line":167},"3":{"name":"(anonymous_3)","decl":{"start":{"line":174,"column":8},"end":{"line":174,"column":12}},"loc":{"start":{"line":174,"column":28},"end":{"line":176,"column":null}},"line":174},"4":{"name":"(anonymous_4)","decl":{"start":{"line":185,"column":27},"end":{"line":185,"column":33}},"loc":{"start":{"line":185,"column":33},"end":{"line":195,"column":null}},"line":185}},"branchMap":{"0":{"loc":{"start":{"line":117,"column":8},"end":{"line":156,"column":null}},"type":"if","locations":[{"start":{"line":117,"column":8},"end":{"line":156,"column":null}},{"start":{"line":121,"column":8},"end":{"line":156,"column":null}}],"line":117},"1":{"loc":{"start":{"line":117,"column":12},"end":{"line":117,"column":32}},"type":"binary-expr","locations":[{"start":{"line":117,"column":12},"end":{"line":117,"column":23}},{"start":{"line":117,"column":23},"end":{"line":117,"column":32}}],"line":117},"2":{"loc":{"start":{"line":121,"column":8},"end":{"line":156,"column":null}},"type":"if","locations":[{"start":{"line":121,"column":8},"end":{"line":156,"column":null}},{"start":{"line":128,"column":8},"end":{"line":156,"column":null}}],"line":121},"3":{"loc":{"start":{"line":123,"column":17},"end":{"line":123,"column":75}},"type":"binary-expr","locations":[{"start":{"line":123,"column":17},"end":{"line":123,"column":36}},{"start":{"line":123,"column":36},"end":{"line":123,"column":66}},{"start":{"line":123,"column":66},"end":{"line":123,"column":75}}],"line":123},"4":{"loc":{"start":{"line":128,"column":8},"end":{"line":156,"column":null}},"type":"if","locations":[{"start":{"line":128,"column":8},"end":{"line":156,"column":null}},{"start":{"line":141,"column":8},"end":{"line":156,"column":null}}],"line":128},"5":{"loc":{"start":{"line":131,"column":12},"end":{"line":134,"column":null}},"type":"binary-expr","locations":[{"start":{"line":131,"column":12},"end":{"line":131,"column":null}},{"start":{"line":132,"column":12},"end":{"line":132,"column":null}},{"start":{"line":133,"column":12},"end":{"line":133,"column":null}},{"start":{"line":134,"column":12},"end":{"line":134,"column":null}}],"line":131},"6":{"loc":{"start":{"line":141,"column":8},"end":{"line":156,"column":null}},"type":"if","locations":[{"start":{"line":141,"column":8},"end":{"line":156,"column":null}},{"start":{"line":150,"column":13},"end":{"line":156,"column":null}}],"line":141},"7":{"loc":{"start":{"line":186,"column":8},"end":{"line":194,"column":null}},"type":"if","locations":[{"start":{"line":186,"column":8},"end":{"line":194,"column":null}},{"start":{"line":191,"column":15},"end":{"line":194,"column":null}}],"line":186}},"s":{"0":1,"1":1,"2":1,"3":159,"4":62,"5":97,"6":68,"7":29,"8":0,"9":29,"10":29,"11":0,"12":1,"13":0,"14":0,"15":1,"16":29,"17":29,"18":29,"19":0,"20":1,"21":1},"f":{"0":1,"1":159,"2":0,"3":0,"4":29},"b":{"0":[62,97],"1":[159,62],"2":[68,29],"3":[97,97,68],"4":[0,29],"5":[29,29,0,0],"6":[29,0],"7":[29,0]},"meta":{"lastBranch":8,"lastFunction":5,"lastStatement":22,"seen":{"s:100:28:199:Infinity":0,"f:100:28:100:49":0,"s:105:30:105:Infinity":1,"s:115:29:157:Infinity":2,"f:115:29:115:30":1,"b:117:8:156:Infinity:121:8:156:Infinity":0,"s:117:8:156:Infinity":3,"b:117:12:117:23:117:23:117:32":1,"s:118:12:120:Infinity":4,"b:121:8:156:Infinity:128:8:156:Infinity":2,"s:121:8:156:Infinity":5,"b:123:17:123:36:123:36:123:66:123:66:123:75":3,"s:124:12:127:Infinity":6,"b:128:8:156:Infinity:141:8:156:Infinity":4,"s:128:8:156:Infinity":7,"b:131:12:131:Infinity:132:12:132:Infinity:133:12:133:Infinity:134:12:134:Infinity":5,"s:136:12:140:Infinity":8,"b:141:8:156:Infinity:150:13:156:Infinity":6,"s:141:8:156:Infinity":9,"s:144:12:147:Infinity":10,"s:151:12:155:Infinity":11,"s:163:4:179:Infinity":12,"f:167:8:167:14":2,"s:168:12:168:Infinity":13,"f:174:8:174:12":3,"s:175:12:175:Infinity":14,"s:185:4:195:Infinity":15,"f:185:27:185:33":4,"b:186:8:194:Infinity:191:15:194:Infinity":7,"s:186:8:194:Infinity":16,"s:188:12:188:Infinity":17,"s:190:12:190:Infinity":18,"s:193:12:193:Infinity":19,"s:198:4:198:Infinity":20,"s:215:14:215:Infinity":21}}}
,"/home/phyxashun/Projects/color/src/Tokenizer.ts": {"path":"/home/phyxashun/Projects/color/src/Tokenizer.ts","statementMap":{"0":{"start":{"line":5,"column":55},"end":{"line":21,"column":null}},"1":{"start":{"line":23,"column":36},"end":{"line":34,"column":null}},"2":{"start":{"line":37,"column":38},"end":{"line":37,"column":null}},"3":{"start":{"line":38,"column":29},"end":{"line":38,"column":null}},"4":{"start":{"line":39,"column":22},"end":{"line":39,"column":null}},"5":{"start":{"line":42,"column":8},"end":{"line":42,"column":null}},"6":{"start":{"line":44,"column":31},"end":{"line":44,"column":null}},"7":{"start":{"line":45,"column":8},"end":{"line":45,"column":null}},"8":{"start":{"line":47,"column":8},"end":{"line":47,"column":null}},"9":{"start":{"line":49,"column":8},"end":{"line":49,"column":null}},"10":{"start":{"line":50,"column":8},"end":{"line":50,"column":null}},"11":{"start":{"line":54,"column":25},"end":{"line":54,"column":null}},"12":{"start":{"line":55,"column":8},"end":{"line":56,"column":null}},"13":{"start":{"line":56,"column":12},"end":{"line":56,"column":null}},"14":{"start":{"line":57,"column":8},"end":{"line":57,"column":null}},"15":{"start":{"line":61,"column":8},"end":{"line":61,"column":null}},"16":{"start":{"line":65,"column":8},"end":{"line":65,"column":null}},"17":{"start":{"line":67,"column":30},"end":{"line":67,"column":null}},"18":{"start":{"line":69,"column":8},"end":{"line":89,"column":null}},"19":{"start":{"line":70,"column":35},"end":{"line":70,"column":null}},"20":{"start":{"line":72,"column":12},"end":{"line":84,"column":null}},"21":{"start":{"line":73,"column":30},"end":{"line":73,"column":null}},"22":{"start":{"line":74,"column":16},"end":{"line":83,"column":null}},"23":{"start":{"line":76,"column":20},"end":{"line":78,"column":null}},"24":{"start":{"line":77,"column":24},"end":{"line":77,"column":null}},"25":{"start":{"line":80,"column":20},"end":{"line":80,"column":null}},"26":{"start":{"line":81,"column":20},"end":{"line":81,"column":null}},"27":{"start":{"line":82,"column":20},"end":{"line":82,"column":null}},"28":{"start":{"line":86,"column":12},"end":{"line":88,"column":null}},"29":{"start":{"line":87,"column":16},"end":{"line":87,"column":null}},"30":{"start":{"line":91,"column":8},"end":{"line":91,"column":null}},"31":{"start":{"line":92,"column":8},"end":{"line":94,"column":null}},"32":{"start":{"line":93,"column":12},"end":{"line":93,"column":null}},"33":{"start":{"line":95,"column":8},"end":{"line":95,"column":null}},"34":{"start":{"line":99,"column":8},"end":{"line":102,"column":null}},"35":{"start":{"line":106,"column":23},"end":{"line":106,"column":null}},"36":{"start":{"line":107,"column":8},"end":{"line":107,"column":null}},"37":{"start":{"line":108,"column":8},"end":{"line":108,"column":null}},"38":{"start":{"line":110,"column":8},"end":{"line":110,"column":null}}},"fnMap":{"0":{"name":"(anonymous_0)","decl":{"start":{"line":41,"column":4},"end":{"line":41,"column":19}},"loc":{"start":{"line":41,"column":32},"end":{"line":51,"column":null}},"line":41},"1":{"name":"(anonymous_1)","decl":{"start":{"line":53,"column":12},"end":{"line":53,"column":30}},"loc":{"start":{"line":53,"column":41},"end":{"line":58,"column":null}},"line":53},"2":{"name":"(anonymous_2)","decl":{"start":{"line":60,"column":12},"end":{"line":60,"column":29}},"loc":{"start":{"line":60,"column":29},"end":{"line":62,"column":null}},"line":60},"3":{"name":"(anonymous_3)","decl":{"start":{"line":64,"column":12},"end":{"line":64,"column":32}},"loc":{"start":{"line":64,"column":32},"end":{"line":96,"column":null}},"line":64},"4":{"name":"(anonymous_4)","decl":{"start":{"line":98,"column":12},"end":{"line":98,"column":24}},"loc":{"start":{"line":98,"column":69},"end":{"line":103,"column":null}},"line":98},"5":{"name":"(anonymous_5)","decl":{"start":{"line":105,"column":12},"end":{"line":105,"column":31}},"loc":{"start":{"line":105,"column":31},"end":{"line":111,"column":null}},"line":105}},"branchMap":{"0":{"loc":{"start":{"line":55,"column":8},"end":{"line":56,"column":null}},"type":"if","locations":[{"start":{"line":55,"column":8},"end":{"line":56,"column":null}},{"start":{},"end":{}}],"line":55},"1":{"loc":{"start":{"line":74,"column":16},"end":{"line":83,"column":null}},"type":"if","locations":[{"start":{"line":74,"column":16},"end":{"line":83,"column":null}},{"start":{},"end":{}}],"line":74},"2":{"loc":{"start":{"line":76,"column":20},"end":{"line":78,"column":null}},"type":"if","locations":[{"start":{"line":76,"column":20},"end":{"line":78,"column":null}},{"start":{},"end":{}}],"line":76},"3":{"loc":{"start":{"line":86,"column":12},"end":{"line":88,"column":null}},"type":"if","locations":[{"start":{"line":86,"column":12},"end":{"line":88,"column":null}},{"start":{},"end":{}}],"line":86}},"s":{"0":1,"1":1,"2":31,"3":31,"4":31,"5":31,"6":31,"7":31,"8":31,"9":31,"10":31,"11":31,"12":31,"13":1,"14":30,"15":72,"16":30,"17":30,"18":30,"19":43,"20":43,"21":180,"22":180,"23":42,"24":39,"25":42,"26":42,"27":42,"28":43,"29":1,"30":29,"31":29,"32":68,"33":29,"34":68,"35":1,"36":1,"37":1,"38":1},"f":{"0":31,"1":31,"2":72,"3":30,"4":68,"5":1},"b":{"0":[1,30],"1":[42,138],"2":[39,3],"3":[1,42]},"meta":{"lastBranch":4,"lastFunction":6,"lastStatement":39,"seen":{"s:5:55:21:Infinity":0,"s:23:36:34:Infinity":1,"s:37:38:37:Infinity":2,"s:38:29:38:Infinity":3,"s:39:22:39:Infinity":4,"f:41:4:41:19":0,"s:42:8:42:Infinity":5,"s:44:31:44:Infinity":6,"s:45:8:45:Infinity":7,"s:47:8:47:Infinity":8,"s:49:8:49:Infinity":9,"s:50:8:50:Infinity":10,"f:53:12:53:30":1,"s:54:25:54:Infinity":11,"b:55:8:56:Infinity:undefined:undefined:undefined:undefined":0,"s:55:8:56:Infinity":12,"s:56:12:56:Infinity":13,"s:57:8:57:Infinity":14,"f:60:12:60:29":2,"s:61:8:61:Infinity":15,"f:64:12:64:32":3,"s:65:8:65:Infinity":16,"s:67:30:67:Infinity":17,"s:69:8:89:Infinity":18,"s:70:35:70:Infinity":19,"s:72:12:84:Infinity":20,"s:73:30:73:Infinity":21,"b:74:16:83:Infinity:undefined:undefined:undefined:undefined":1,"s:74:16:83:Infinity":22,"b:76:20:78:Infinity:undefined:undefined:undefined:undefined":2,"s:76:20:78:Infinity":23,"s:77:24:77:Infinity":24,"s:80:20:80:Infinity":25,"s:81:20:81:Infinity":26,"s:82:20:82:Infinity":27,"b:86:12:88:Infinity:undefined:undefined:undefined:undefined":3,"s:86:12:88:Infinity":28,"s:87:16:87:Infinity":29,"s:91:8:91:Infinity":30,"s:92:8:94:Infinity":31,"s:93:12:93:Infinity":32,"s:95:8:95:Infinity":33,"f:98:12:98:24":4,"s:99:8:102:Infinity":34,"f:105:12:105:31":5,"s:106:23:106:Infinity":35,"s:107:8:107:Infinity":36,"s:108:8:108:Infinity":37,"s:110:8:110:Infinity":38}}}
}
