{"/home/phyxashun/Projects/color/src/Colors.ts": {"path":"/home/phyxashun/Projects/color/src/Colors.ts","statementMap":{"0":{"start":{"line":5,"column":22},"end":{"line":160,"column":null}},"1":{"start":{"line":162,"column":29},"end":{"line":188,"column":null}},"2":{"start":{"line":190,"column":25},"end":{"line":207,"column":null}}},"fnMap":{},"branchMap":{},"s":{"0":1,"1":1,"2":1},"f":{},"b":{},"meta":{"lastBranch":0,"lastFunction":0,"lastStatement":3,"seen":{"s:5:22:160:Infinity":0,"s:162:29:188:Infinity":1,"s:190:25:207:Infinity":2}}}
,"/home/phyxashun/Projects/color/src/Print.ts": {"path":"/home/phyxashun/Projects/color/src/Print.ts","statementMap":{"0":{"start":{"line":100,"column":28},"end":{"line":199,"column":null}},"1":{"start":{"line":105,"column":30},"end":{"line":105,"column":null}},"2":{"start":{"line":115,"column":29},"end":{"line":157,"column":null}},"3":{"start":{"line":117,"column":8},"end":{"line":156,"column":null}},"4":{"start":{"line":118,"column":12},"end":{"line":120,"column":null}},"5":{"start":{"line":121,"column":8},"end":{"line":156,"column":null}},"6":{"start":{"line":124,"column":12},"end":{"line":127,"column":null}},"7":{"start":{"line":128,"column":8},"end":{"line":156,"column":null}},"8":{"start":{"line":136,"column":12},"end":{"line":140,"column":null}},"9":{"start":{"line":141,"column":8},"end":{"line":156,"column":null}},"10":{"start":{"line":144,"column":12},"end":{"line":147,"column":null}},"11":{"start":{"line":151,"column":12},"end":{"line":155,"column":null}},"12":{"start":{"line":163,"column":4},"end":{"line":179,"column":null}},"13":{"start":{"line":168,"column":12},"end":{"line":168,"column":null}},"14":{"start":{"line":175,"column":12},"end":{"line":175,"column":null}},"15":{"start":{"line":185,"column":4},"end":{"line":195,"column":null}},"16":{"start":{"line":186,"column":8},"end":{"line":194,"column":null}},"17":{"start":{"line":188,"column":12},"end":{"line":188,"column":null}},"18":{"start":{"line":190,"column":12},"end":{"line":190,"column":null}},"19":{"start":{"line":193,"column":12},"end":{"line":193,"column":null}},"20":{"start":{"line":198,"column":4},"end":{"line":198,"column":null}},"21":{"start":{"line":215,"column":14},"end":{"line":215,"column":null}}},"fnMap":{"0":{"name":"(anonymous_0)","decl":{"start":{"line":100,"column":28},"end":{"line":100,"column":49}},"loc":{"start":{"line":100,"column":49},"end":{"line":199,"column":null}},"line":100},"1":{"name":"(anonymous_1)","decl":{"start":{"line":115,"column":29},"end":{"line":115,"column":30}},"loc":{"start":{"line":115,"column":85},"end":{"line":157,"column":null}},"line":115},"2":{"name":"(anonymous_2)","decl":{"start":{"line":167,"column":8},"end":{"line":167,"column":14}},"loc":{"start":{"line":167,"column":14},"end":{"line":169,"column":null}},"line":167},"3":{"name":"(anonymous_3)","decl":{"start":{"line":174,"column":8},"end":{"line":174,"column":12}},"loc":{"start":{"line":174,"column":28},"end":{"line":176,"column":null}},"line":174},"4":{"name":"(anonymous_4)","decl":{"start":{"line":185,"column":27},"end":{"line":185,"column":33}},"loc":{"start":{"line":185,"column":33},"end":{"line":195,"column":null}},"line":185}},"branchMap":{"0":{"loc":{"start":{"line":117,"column":8},"end":{"line":156,"column":null}},"type":"if","locations":[{"start":{"line":117,"column":8},"end":{"line":156,"column":null}},{"start":{"line":121,"column":8},"end":{"line":156,"column":null}}],"line":117},"1":{"loc":{"start":{"line":117,"column":12},"end":{"line":117,"column":32}},"type":"binary-expr","locations":[{"start":{"line":117,"column":12},"end":{"line":117,"column":23}},{"start":{"line":117,"column":23},"end":{"line":117,"column":32}}],"line":117},"2":{"loc":{"start":{"line":121,"column":8},"end":{"line":156,"column":null}},"type":"if","locations":[{"start":{"line":121,"column":8},"end":{"line":156,"column":null}},{"start":{"line":128,"column":8},"end":{"line":156,"column":null}}],"line":121},"3":{"loc":{"start":{"line":123,"column":17},"end":{"line":123,"column":75}},"type":"binary-expr","locations":[{"start":{"line":123,"column":17},"end":{"line":123,"column":36}},{"start":{"line":123,"column":36},"end":{"line":123,"column":66}},{"start":{"line":123,"column":66},"end":{"line":123,"column":75}}],"line":123},"4":{"loc":{"start":{"line":128,"column":8},"end":{"line":156,"column":null}},"type":"if","locations":[{"start":{"line":128,"column":8},"end":{"line":156,"column":null}},{"start":{"line":141,"column":8},"end":{"line":156,"column":null}}],"line":128},"5":{"loc":{"start":{"line":131,"column":12},"end":{"line":134,"column":null}},"type":"binary-expr","locations":[{"start":{"line":131,"column":12},"end":{"line":131,"column":null}},{"start":{"line":132,"column":12},"end":{"line":132,"column":null}},{"start":{"line":133,"column":12},"end":{"line":133,"column":null}},{"start":{"line":134,"column":12},"end":{"line":134,"column":null}}],"line":131},"6":{"loc":{"start":{"line":141,"column":8},"end":{"line":156,"column":null}},"type":"if","locations":[{"start":{"line":141,"column":8},"end":{"line":156,"column":null}},{"start":{"line":150,"column":13},"end":{"line":156,"column":null}}],"line":141},"7":{"loc":{"start":{"line":186,"column":8},"end":{"line":194,"column":null}},"type":"if","locations":[{"start":{"line":186,"column":8},"end":{"line":194,"column":null}},{"start":{"line":191,"column":15},"end":{"line":194,"column":null}}],"line":186}},"s":{"0":1,"1":1,"2":1,"3":159,"4":62,"5":97,"6":68,"7":29,"8":0,"9":29,"10":29,"11":0,"12":1,"13":0,"14":0,"15":1,"16":29,"17":29,"18":29,"19":0,"20":1,"21":1},"f":{"0":1,"1":159,"2":0,"3":0,"4":29},"b":{"0":[62,97],"1":[159,62],"2":[68,29],"3":[97,97,68],"4":[0,29],"5":[29,29,0,0],"6":[29,0],"7":[29,0]},"meta":{"lastBranch":8,"lastFunction":5,"lastStatement":22,"seen":{"s:100:28:199:Infinity":0,"f:100:28:100:49":0,"s:105:30:105:Infinity":1,"s:115:29:157:Infinity":2,"f:115:29:115:30":1,"b:117:8:156:Infinity:121:8:156:Infinity":0,"s:117:8:156:Infinity":3,"b:117:12:117:23:117:23:117:32":1,"s:118:12:120:Infinity":4,"b:121:8:156:Infinity:128:8:156:Infinity":2,"s:121:8:156:Infinity":5,"b:123:17:123:36:123:36:123:66:123:66:123:75":3,"s:124:12:127:Infinity":6,"b:128:8:156:Infinity:141:8:156:Infinity":4,"s:128:8:156:Infinity":7,"b:131:12:131:Infinity:132:12:132:Infinity:133:12:133:Infinity:134:12:134:Infinity":5,"s:136:12:140:Infinity":8,"b:141:8:156:Infinity:150:13:156:Infinity":6,"s:141:8:156:Infinity":9,"s:144:12:147:Infinity":10,"s:151:12:155:Infinity":11,"s:163:4:179:Infinity":12,"f:167:8:167:14":2,"s:168:12:168:Infinity":13,"f:174:8:174:12":3,"s:175:12:175:Infinity":14,"s:185:4:195:Infinity":15,"f:185:27:185:33":4,"b:186:8:194:Infinity:191:15:194:Infinity":7,"s:186:8:194:Infinity":16,"s:188:12:188:Infinity":17,"s:190:12:190:Infinity":18,"s:193:12:193:Infinity":19,"s:198:4:198:Infinity":20,"s:215:14:215:Infinity":21}}}
,"/home/phyxashun/Projects/color/src/Tokenizer.ts": {"path":"/home/phyxashun/Projects/color/src/Tokenizer.ts","statementMap":{"0":{"start":{"line":5,"column":18},"end":{"line":5,"column":null}},"1":{"start":{"line":32,"column":55},"end":{"line":48,"column":null}},"2":{"start":{"line":50,"column":36},"end":{"line":61,"column":null}},"3":{"start":{"line":64,"column":38},"end":{"line":64,"column":null}},"4":{"start":{"line":65,"column":29},"end":{"line":65,"column":null}},"5":{"start":{"line":66,"column":22},"end":{"line":66,"column":null}},"6":{"start":{"line":72,"column":8},"end":{"line":72,"column":null}},"7":{"start":{"line":74,"column":31},"end":{"line":74,"column":null}},"8":{"start":{"line":75,"column":8},"end":{"line":75,"column":null}},"9":{"start":{"line":77,"column":8},"end":{"line":77,"column":null}},"10":{"start":{"line":79,"column":8},"end":{"line":79,"column":null}},"11":{"start":{"line":80,"column":8},"end":{"line":80,"column":null}},"12":{"start":{"line":80,"column":23},"end":{"line":80,"column":null}},"13":{"start":{"line":84,"column":25},"end":{"line":84,"column":null}},"14":{"start":{"line":85,"column":8},"end":{"line":86,"column":null}},"15":{"start":{"line":86,"column":12},"end":{"line":86,"column":null}},"16":{"start":{"line":87,"column":8},"end":{"line":87,"column":null}},"17":{"start":{"line":91,"column":8},"end":{"line":91,"column":null}},"18":{"start":{"line":98,"column":8},"end":{"line":98,"column":null}},"19":{"start":{"line":100,"column":30},"end":{"line":100,"column":null}},"20":{"start":{"line":102,"column":8},"end":{"line":122,"column":null}},"21":{"start":{"line":103,"column":35},"end":{"line":103,"column":null}},"22":{"start":{"line":105,"column":12},"end":{"line":117,"column":null}},"23":{"start":{"line":106,"column":30},"end":{"line":106,"column":null}},"24":{"start":{"line":107,"column":16},"end":{"line":116,"column":null}},"25":{"start":{"line":109,"column":20},"end":{"line":111,"column":null}},"26":{"start":{"line":110,"column":24},"end":{"line":110,"column":null}},"27":{"start":{"line":113,"column":20},"end":{"line":113,"column":null}},"28":{"start":{"line":114,"column":20},"end":{"line":114,"column":null}},"29":{"start":{"line":115,"column":20},"end":{"line":115,"column":null}},"30":{"start":{"line":119,"column":12},"end":{"line":121,"column":null}},"31":{"start":{"line":120,"column":16},"end":{"line":120,"column":null}},"32":{"start":{"line":124,"column":8},"end":{"line":124,"column":null}},"33":{"start":{"line":125,"column":8},"end":{"line":127,"column":null}},"34":{"start":{"line":126,"column":12},"end":{"line":126,"column":null}},"35":{"start":{"line":128,"column":8},"end":{"line":128,"column":null}},"36":{"start":{"line":132,"column":8},"end":{"line":135,"column":null}},"37":{"start":{"line":139,"column":23},"end":{"line":139,"column":null}},"38":{"start":{"line":140,"column":8},"end":{"line":140,"column":null}},"39":{"start":{"line":141,"column":8},"end":{"line":141,"column":null}},"40":{"start":{"line":143,"column":8},"end":{"line":143,"column":null}}},"fnMap":{"0":{"name":"(anonymous_0)","decl":{"start":{"line":71,"column":4},"end":{"line":71,"column":19}},"loc":{"start":{"line":71,"column":32},"end":{"line":81,"column":null}},"line":71},"1":{"name":"(anonymous_1)","decl":{"start":{"line":83,"column":12},"end":{"line":83,"column":30}},"loc":{"start":{"line":83,"column":41},"end":{"line":88,"column":null}},"line":83},"2":{"name":"(anonymous_2)","decl":{"start":{"line":90,"column":12},"end":{"line":90,"column":29}},"loc":{"start":{"line":90,"column":29},"end":{"line":92,"column":null}},"line":90},"3":{"name":"(anonymous_3)","decl":{"start":{"line":97,"column":12},"end":{"line":97,"column":32}},"loc":{"start":{"line":97,"column":32},"end":{"line":129,"column":null}},"line":97},"4":{"name":"(anonymous_4)","decl":{"start":{"line":131,"column":12},"end":{"line":131,"column":24}},"loc":{"start":{"line":131,"column":69},"end":{"line":136,"column":null}},"line":131},"5":{"name":"(anonymous_5)","decl":{"start":{"line":138,"column":12},"end":{"line":138,"column":25}},"loc":{"start":{"line":138,"column":25},"end":{"line":144,"column":null}},"line":138}},"branchMap":{"0":{"loc":{"start":{"line":80,"column":8},"end":{"line":80,"column":null}},"type":"if","locations":[{"start":{"line":80,"column":8},"end":{"line":80,"column":null}},{"start":{},"end":{}}],"line":80},"1":{"loc":{"start":{"line":85,"column":8},"end":{"line":86,"column":null}},"type":"if","locations":[{"start":{"line":85,"column":8},"end":{"line":86,"column":null}},{"start":{},"end":{}}],"line":85},"2":{"loc":{"start":{"line":107,"column":16},"end":{"line":116,"column":null}},"type":"if","locations":[{"start":{"line":107,"column":16},"end":{"line":116,"column":null}},{"start":{},"end":{}}],"line":107},"3":{"loc":{"start":{"line":109,"column":20},"end":{"line":111,"column":null}},"type":"if","locations":[{"start":{"line":109,"column":20},"end":{"line":111,"column":null}},{"start":{},"end":{}}],"line":109},"4":{"loc":{"start":{"line":119,"column":12},"end":{"line":121,"column":null}},"type":"if","locations":[{"start":{"line":119,"column":12},"end":{"line":121,"column":null}},{"start":{},"end":{}}],"line":119}},"s":{"0":1,"1":1,"2":1,"3":31,"4":31,"5":31,"6":31,"7":31,"8":31,"9":31,"10":31,"11":31,"12":29,"13":31,"14":31,"15":1,"16":30,"17":72,"18":30,"19":30,"20":30,"21":43,"22":43,"23":180,"24":180,"25":42,"26":39,"27":42,"28":42,"29":42,"30":43,"31":1,"32":29,"33":29,"34":68,"35":29,"36":68,"37":1,"38":1,"39":1,"40":1},"f":{"0":31,"1":31,"2":72,"3":30,"4":68,"5":1},"b":{"0":[29,2],"1":[1,30],"2":[42,138],"3":[39,3],"4":[1,42]},"meta":{"lastBranch":5,"lastFunction":6,"lastStatement":41,"seen":{"s:5:18:5:Infinity":0,"s:32:55:48:Infinity":1,"s:50:36:61:Infinity":2,"s:64:38:64:Infinity":3,"s:65:29:65:Infinity":4,"s:66:22:66:Infinity":5,"f:71:4:71:19":0,"s:72:8:72:Infinity":6,"s:74:31:74:Infinity":7,"s:75:8:75:Infinity":8,"s:77:8:77:Infinity":9,"s:79:8:79:Infinity":10,"b:80:8:80:Infinity:undefined:undefined:undefined:undefined":0,"s:80:8:80:Infinity":11,"s:80:23:80:Infinity":12,"f:83:12:83:30":1,"s:84:25:84:Infinity":13,"b:85:8:86:Infinity:undefined:undefined:undefined:undefined":1,"s:85:8:86:Infinity":14,"s:86:12:86:Infinity":15,"s:87:8:87:Infinity":16,"f:90:12:90:29":2,"s:91:8:91:Infinity":17,"f:97:12:97:32":3,"s:98:8:98:Infinity":18,"s:100:30:100:Infinity":19,"s:102:8:122:Infinity":20,"s:103:35:103:Infinity":21,"s:105:12:117:Infinity":22,"s:106:30:106:Infinity":23,"b:107:16:116:Infinity:undefined:undefined:undefined:undefined":2,"s:107:16:116:Infinity":24,"b:109:20:111:Infinity:undefined:undefined:undefined:undefined":3,"s:109:20:111:Infinity":25,"s:110:24:110:Infinity":26,"s:113:20:113:Infinity":27,"s:114:20:114:Infinity":28,"s:115:20:115:Infinity":29,"b:119:12:121:Infinity:undefined:undefined:undefined:undefined":4,"s:119:12:121:Infinity":30,"s:120:16:120:Infinity":31,"s:124:8:124:Infinity":32,"s:125:8:127:Infinity":33,"s:126:12:126:Infinity":34,"s:128:8:128:Infinity":35,"f:131:12:131:24":4,"s:132:8:135:Infinity":36,"f:138:12:138:25":5,"s:139:23:139:Infinity":37,"s:140:8:140:Infinity":38,"s:141:8:141:Infinity":39,"s:143:8:143:Infinity":40}}}
}
